<?xml version="1.0" encoding="UTF-8"?>
<!-- Generated by org.testng.reporters.JUnitReportReporter -->
<testsuite skipped="0" hostname="DESKTOP-PPQS615" name="org.gift.FirstTest" tests="1" failures="0" timestamp="2020-06-24T23:23:27 BST" time="0.002" errors="0">
  <testcase name="f" time="0.002" classname="org.gift.FirstTest"/>
</testsuite> <!-- org.gift.FirstTest -->
