<?xml version="1.0" encoding="UTF-8"?>
<!-- Generated by org.testng.reporters.JUnitReportReporter -->
<testsuite skipped="0" hostname="DESKTOP-PPQS615" name="org.gift.FirstTest" tests="1" failures="0" timestamp="2020-05-28T15:49:21 BST" time="0.009" errors="0">
  <testcase name="f" time="0.009" classname="org.gift.FirstTest"/>
</testsuite> <!-- org.gift.FirstTest -->
