<?xml version="1.0" encoding="UTF-8"?>
<!-- Generated by org.testng.reporters.JUnitReportReporter -->
<testsuite skipped="0" hostname="DESKTOP-PPQS615" name="org.gift.GiftCardBackEndApplicationTests" tests="1" failures="0" timestamp="2020-05-15T09:36:42 BST" time="0.009" errors="0">
  <testcase name="testAdd" time="0.009" classname="org.gift.GiftCardBackEndApplicationTests"/>
</testsuite> <!-- org.gift.GiftCardBackEndApplicationTests -->
