<?xml version="1.0" encoding="UTF-8"?>
<!-- Generated by org.testng.reporters.JUnitReportReporter -->
<testsuite skipped="0" hostname="DESKTOP-PPQS615" name="org.gift.GiftCardBackEndApplicationTests" tests="1" failures="0" timestamp="2020-06-24T23:23:27 BST" time="0.001" errors="0">
  <testcase name="testAdd" time="0.001" classname="org.gift.GiftCardBackEndApplicationTests"/>
</testsuite> <!-- org.gift.GiftCardBackEndApplicationTests -->
