<?xml version="1.0" encoding="UTF-8"?>
<!-- Generated by org.testng.reporters.JUnitReportReporter -->
<testsuite skipped="0" hostname="DESKTOP-PPQS615" name="org.zouhair.gift.DashboardTest" tests="1" failures="0" timestamp="2020-03-04T12:58:21 GMT" time="15.829" errors="0">
  <testcase name="Test" time="15.829" classname="org.zouhair.gift.DashboardTest"/>
  <system-out/>
</testsuite> <!-- org.zouhair.gift.DashboardTest -->
